<?xml version="1.0" encoding="UTF-8"?>
<!-- Generated by org.testng.reporters.JUnitReportReporter -->
<testsuite hostname="anothertill-lm" name="com.test.coolootz.HelperTest" tests="1" failures="0" timestamp="23 Jan 2016 01:31:11 GMT" time="0.011" errors="0">
  <testcase name="testRandomDelay" time="0.011" classname="com.test.coolootz.HelperTest"/>
</testsuite> <!-- com.test.coolootz.HelperTest -->
